<?xml version="1.0" encoding="UTF-8"?>
<!-- Generated by org.testng.reporters.JUnitXMLReporter -->
<testsuite ignored="0" hostname="DESKTOP-8GOET0A" failures="0" tests="6" name="Test" time="16.8" errors="0" timestamp="2023-05-23T14:31:32 IST">
  <testcase classname="Automation1.Test.MavenTest" name="TestTitle" time="0.011"/>
  <testcase classname="Automation1.Test.MavenTest" name="TestTitle" time="0.015"/>
  <testcase classname="Automation1.Test.MavenTest" name="TestTitle" time="0.006"/>
  <testcase classname="Automation1.Test.MavenTest" name="TestTitle" time="0.008"/>
  <testcase classname="Automation1.Test.MavenTest" name="TestTitle" time="0.021"/>
  <testcase classname="Automation1.Test.MavenTest" name="TestTabs" time="0.0"/>
</testsuite> <!-- Test -->
