<?xml version="1.0" encoding="UTF-8"?>
<!-- Generated by org.testng.reporters.JUnitXMLReporter -->
<testsuite hostname="DESKTOP-8GOET0A" ignored="0" name="Test" tests="6" failures="0" timestamp="2023-05-23T10:44:59 IST" time="17.986" errors="0">
  <testcase name="TestTitle" time="0.017" classname="Automation1.Test.MavenTest"/>
  <testcase name="TestTitle" time="0.022" classname="Automation1.Test.MavenTest"/>
  <testcase name="TestTitle" time="0.016" classname="Automation1.Test.MavenTest"/>
  <testcase name="TestTitle" time="0.012" classname="Automation1.Test.MavenTest"/>
  <testcase name="TestTitle" time="0.018" classname="Automation1.Test.MavenTest"/>
  <testcase name="TestTabs" time="0.0" classname="Automation1.Test.MavenTest"/>
</testsuite> <!-- Test -->
