<?xml version="1.0" encoding="UTF-8"?>
<testng-results ignored="0" total="6" passed="6" failed="0" skipped="0">
  <reporter-output>
  </reporter-output>
  <suite started-at="2023-05-23T14:31:15 IST" name="Suite" finished-at="2023-05-23T14:31:32 IST" duration-ms="16800">
    <groups>
    </groups>
    <test started-at="2023-05-23T14:31:15 IST" name="Test" finished-at="2023-05-23T14:31:32 IST" duration-ms="16800">
      <class name="Automation1.Test.MavenTest">
        <test-method is-config="true" signature="getUser()[pri:0, instance:Automation1.Test.MavenTest@4a22f9e2]" started-at="2023-05-23T14:31:15 IST" name="getUser" finished-at="2023-05-23T14:31:32 IST" duration-ms="16702" status="PASS">
          <reporter-output>
          </reporter-output>
        </test-method> <!-- getUser -->
        <test-method signature="TestTitle()[pri:0, instance:Automation1.Test.MavenTest@4a22f9e2]" started-at="2023-05-23T14:31:32 IST" name="TestTitle" finished-at="2023-05-23T14:31:32 IST" duration-ms="11" status="PASS">
          <reporter-output>
          </reporter-output>
        </test-method> <!-- TestTitle -->
        <test-method signature="TestTitle()[pri:0, instance:Automation1.Test.MavenTest@4a22f9e2]" started-at="2023-05-23T14:31:32 IST" name="TestTitle" finished-at="2023-05-23T14:31:32 IST" duration-ms="15" status="PASS">
          <reporter-output>
          </reporter-output>
        </test-method> <!-- TestTitle -->
        <test-method signature="TestTitle()[pri:0, instance:Automation1.Test.MavenTest@4a22f9e2]" started-at="2023-05-23T14:31:32 IST" name="TestTitle" finished-at="2023-05-23T14:31:32 IST" duration-ms="6" status="PASS">
          <reporter-output>
          </reporter-output>
        </test-method> <!-- TestTitle -->
        <test-method signature="TestTitle()[pri:0, instance:Automation1.Test.MavenTest@4a22f9e2]" started-at="2023-05-23T14:31:32 IST" name="TestTitle" finished-at="2023-05-23T14:31:32 IST" duration-ms="8" status="PASS">
          <reporter-output>
          </reporter-output>
        </test-method> <!-- TestTitle -->
        <test-method signature="TestTitle()[pri:0, instance:Automation1.Test.MavenTest@4a22f9e2]" started-at="2023-05-23T14:31:32 IST" name="TestTitle" finished-at="2023-05-23T14:31:32 IST" duration-ms="21" status="PASS">
          <reporter-output>
          </reporter-output>
        </test-method> <!-- TestTitle -->
        <test-method signature="TestTabs()[pri:2, instance:Automation1.Test.MavenTest@4a22f9e2]" started-at="2023-05-23T14:31:32 IST" name="TestTabs" finished-at="2023-05-23T14:31:32 IST" duration-ms="0" status="PASS">
          <reporter-output>
          </reporter-output>
        </test-method> <!-- TestTabs -->
      </class> <!-- Automation1.Test.MavenTest -->
    </test> <!-- Test -->
  </suite> <!-- Suite -->
</testng-results>
