<?xml version="1.0" encoding="UTF-8"?>
<testsuite xmlns:xsi="http://www.w3.org/2001/XMLSchema-instance" xsi:noNamespaceSchemaLocation="https://maven.apache.org/surefire/maven-surefire-plugin/xsd/surefire-test-report-3.0.xsd" version="3.0" name="TestSuite" time="17.225" tests="6" errors="0" skipped="0" failures="0">
  <properties>
[...]
</properties>
  <testcase name="TestTitle" classname="Automation1.Test.MavenTest" time="0.013">
    <system-out><![CDATA[Mobile Phones | Optus
]]></system-out>
    <system-err><![CDATA[SLF4J: Failed to load class "org.slf4j.impl.StaticLoggerBinder".
SLF4J: Defaulting to no-operation (NOP) logger implementation
SLF4J: See http://www.slf4j.org/codes.html#StaticLoggerBinder for further details.
Starting ChromeDriver 112.0.5615.49 (bd2a7bcb881c11e8cfe3078709382934e3916914-refs/branch-heads/5615@{#936}) on port 11744
Only local connections are allowed.
Please see https://chromedriver.chromium.org/security-considerations for suggestions on keeping ChromeDriver safe.
ChromeDriver was started successfully.
[1684832477.627][WARNING]: This version of ChromeDriver has not been tested with Chrome version 113.
May 23, 2023 2:31:17 PM org.openqa.selenium.devtools.CdpVersionFinder findNearestMatch
WARNING: Unable to find an exact match for CDP version 113, so returning the closest version found: 111
]]></system-err>
  </testcase>
  <testcase name="TestTitle" classname="Automation1.Test.MavenTest" time="0.013">
    <system-out><![CDATA[Mobile Phones | Optus
]]></system-out>
  </testcase>
  <testcase name="TestTitle" classname="Automation1.Test.MavenTest" time="0.007">
    <system-out><![CDATA[Mobile Phones | Optus
]]></system-out>
  </testcase>
  <testcase name="TestTitle" classname="Automation1.Test.MavenTest" time="0.011">
    <system-out><![CDATA[Mobile Phones | Optus
]]></system-out>
  </testcase>
  <testcase name="TestTitle" classname="Automation1.Test.MavenTest" time="0.02">
    <system-out><![CDATA[Mobile Phones | Optus
]]></system-out>
  </testcase>
  <testcase name="TestTabs" classname="Automation1.Test.MavenTest" time="0"/>
</testsuite>