<?xml version="1.0" encoding="UTF-8"?>
<testng-results skipped="0" failed="0" ignored="0" total="6" passed="6">
  <reporter-output>
  </reporter-output>
  <suite name="Suite" duration-ms="17986" started-at="2023-05-23T10:44:41 IST" finished-at="2023-05-23T10:44:59 IST">
    <groups>
    </groups>
    <test name="Test" duration-ms="17986" started-at="2023-05-23T10:44:41 IST" finished-at="2023-05-23T10:44:59 IST">
      <class name="Automation1.Test.MavenTest">
        <test-method status="PASS" signature="getUser()[pri:0, instance:Automation1.Test.MavenTest@2a556333]" name="getUser" is-config="true" duration-ms="17863" started-at="2023-05-23T10:44:41 IST" finished-at="2023-05-23T10:44:59 IST">
          <reporter-output>
          </reporter-output>
        </test-method> <!-- getUser -->
        <test-method status="PASS" signature="TestTitle()[pri:0, instance:Automation1.Test.MavenTest@2a556333]" name="TestTitle" duration-ms="17" started-at="2023-05-23T10:44:59 IST" finished-at="2023-05-23T10:44:59 IST">
          <reporter-output>
          </reporter-output>
        </test-method> <!-- TestTitle -->
        <test-method status="PASS" signature="TestTitle()[pri:0, instance:Automation1.Test.MavenTest@2a556333]" name="TestTitle" duration-ms="22" started-at="2023-05-23T10:44:59 IST" finished-at="2023-05-23T10:44:59 IST">
          <reporter-output>
          </reporter-output>
        </test-method> <!-- TestTitle -->
        <test-method status="PASS" signature="TestTitle()[pri:0, instance:Automation1.Test.MavenTest@2a556333]" name="TestTitle" duration-ms="16" started-at="2023-05-23T10:44:59 IST" finished-at="2023-05-23T10:44:59 IST">
          <reporter-output>
          </reporter-output>
        </test-method> <!-- TestTitle -->
        <test-method status="PASS" signature="TestTitle()[pri:0, instance:Automation1.Test.MavenTest@2a556333]" name="TestTitle" duration-ms="12" started-at="2023-05-23T10:44:59 IST" finished-at="2023-05-23T10:44:59 IST">
          <reporter-output>
          </reporter-output>
        </test-method> <!-- TestTitle -->
        <test-method status="PASS" signature="TestTitle()[pri:0, instance:Automation1.Test.MavenTest@2a556333]" name="TestTitle" duration-ms="18" started-at="2023-05-23T10:44:59 IST" finished-at="2023-05-23T10:44:59 IST">
          <reporter-output>
          </reporter-output>
        </test-method> <!-- TestTitle -->
        <test-method status="PASS" signature="TestTabs()[pri:2, instance:Automation1.Test.MavenTest@2a556333]" name="TestTabs" duration-ms="0" started-at="2023-05-23T10:44:59 IST" finished-at="2023-05-23T10:44:59 IST">
          <reporter-output>
          </reporter-output>
        </test-method> <!-- TestTabs -->
      </class> <!-- Automation1.Test.MavenTest -->
    </test> <!-- Test -->
  </suite> <!-- Suite -->
</testng-results>
