<?xml version="1.0" encoding="UTF-8"?>
<testng-results ignored="0" total="1" passed="1" failed="0" skipped="0">
  <reporter-output>
  </reporter-output>
  <suite started-at="2023-05-23T10:23:04 IST" name="Default suite" finished-at="2023-05-23T10:23:04 IST" duration-ms="45">
    <groups>
    </groups>
    <test started-at="2023-05-23T10:23:04 IST" name="Default test" finished-at="2023-05-23T10:23:04 IST" duration-ms="45">
      <class name="Automation1.Test.Test1">
        <test-method signature="test1()[pri:0, instance:Automation1.Test.Test1@61d6015a]" started-at="2023-05-23T10:23:04 IST" name="test1" finished-at="2023-05-23T10:23:04 IST" duration-ms="8" status="PASS">
          <reporter-output>
          </reporter-output>
        </test-method> <!-- test1 -->
      </class> <!-- Automation1.Test.Test1 -->
    </test> <!-- Default test -->
  </suite> <!-- Default suite -->
</testng-results>
